2014/06/20 15:49:24 [error] [php] include(normalizeTags.php) [<a href='function.include'>function.include</a>]: failed to open stream: No such file or directory (C:\OpenServer\domains\NewSite\yii\framework\YiiBase.php:427)
Stack trace:
#0 C:\OpenServer\domains\NewSite\yii\framework\validators\CValidator.php(186): import()
#1 C:\OpenServer\domains\NewSite\yii\framework\base\CModel.php(287): createValidator()
#2 C:\OpenServer\domains\NewSite\yii\framework\base\CModel.php(260): Post->createValidators()
#3 C:\OpenServer\domains\NewSite\yii\framework\base\CModel.php(304): Post->getValidators()
#4 C:\OpenServer\domains\NewSite\yii\framework\web\helpers\CHtml.php(1414): Post->isAttributeRequired()
#5 C:\OpenServer\domains\NewSite\yii\framework\web\widgets\CActiveForm.php(597): activeLabelEx()
#6 C:\OpenServer\domains\NewSite\blog\protected\views\post\_form.php(23): CActiveForm->labelEx()
#7 C:\OpenServer\domains\NewSite\yii\framework\web\CBaseController.php(126): require()
#8 C:\OpenServer\domains\NewSite\yii\framework\web\CBaseController.php(95): PostController->renderInternal()
#9 C:\OpenServer\domains\NewSite\yii\framework\web\CController.php(869): PostController->renderFile()
#10 C:\OpenServer\domains\NewSite\blog\protected\views\post\create.php(18): PostController->renderPartial()
#11 C:\OpenServer\domains\NewSite\yii\framework\web\CBaseController.php(126): require()
#12 C:\OpenServer\domains\NewSite\yii\framework\web\CBaseController.php(95): PostController->renderInternal()
#13 C:\OpenServer\domains\NewSite\yii\framework\web\CController.php(869): PostController->renderFile()
#14 C:\OpenServer\domains\NewSite\yii\framework\web\CController.php(782): PostController->renderPartial()
#15 C:\OpenServer\domains\NewSite\blog\protected\controllers\PostController.php(79): PostController->render()
#16 C:\OpenServer\domains\NewSite\yii\framework\web\actions\CInlineAction.php(49): PostController->actionCreate()
#17 C:\OpenServer\domains\NewSite\yii\framework\web\CController.php(308): CInlineAction->runWithParams()
#18 C:\OpenServer\domains\NewSite\yii\framework\web\filters\CFilterChain.php(133): PostController->runAction()
#19 C:\OpenServer\domains\NewSite\yii\framework\web\filters\CFilter.php(40): CFilterChain->run()
#20 C:\OpenServer\domains\NewSite\yii\framework\web\CController.php(1145): CAccessControlFilter->filter()
#21 C:\OpenServer\domains\NewSite\yii\framework\web\filters\CInlineFilter.php(58): PostController->filterAccessControl()
#22 C:\OpenServer\domains\NewSite\yii\framework\web\filters\CFilterChain.php(130): CInlineFilter->filter()
#23 C:\OpenServer\domains\NewSite\yii\framework\web\CController.php(291): CFilterChain->run()
#24 C:\OpenServer\domains\NewSite\yii\framework\web\CController.php(265): PostController->runActionWithFilters()
#25 C:\OpenServer\domains\NewSite\yii\framework\web\CWebApplication.php(282): PostController->run()
#26 C:\OpenServer\domains\NewSite\yii\framework\web\CWebApplication.php(141): CWebApplication->runController()
#27 C:\OpenServer\domains\NewSite\yii\framework\base\CApplication.php(180): CWebApplication->processRequest()
#28 C:\OpenServer\domains\NewSite\blog\index.php(13): CWebApplication->run()
REQUEST_URI=/blog/index.php?r=post/create
in C:\OpenServer\domains\NewSite\blog\protected\views\post\_form.php (23)
in C:\OpenServer\domains\NewSite\blog\protected\views\post\create.php (18)
in C:\OpenServer\domains\NewSite\blog\protected\controllers\PostController.php (79)
2014/06/20 15:51:24 [error] [php] include(normalizeTags.php) [<a href='function.include'>function.include</a>]: failed to open stream: No such file or directory (C:\OpenServer\domains\NewSite\yii\framework\YiiBase.php:427)
Stack trace:
#0 C:\OpenServer\domains\NewSite\yii\framework\validators\CValidator.php(186): import()
#1 C:\OpenServer\domains\NewSite\yii\framework\base\CModel.php(287): createValidator()
#2 C:\OpenServer\domains\NewSite\yii\framework\base\CModel.php(260): Post->createValidators()
#3 C:\OpenServer\domains\NewSite\yii\framework\base\CModel.php(304): Post->getValidators()
#4 C:\OpenServer\domains\NewSite\yii\framework\web\helpers\CHtml.php(1414): Post->isAttributeRequired()
#5 C:\OpenServer\domains\NewSite\yii\framework\web\widgets\CActiveForm.php(597): activeLabelEx()
#6 C:\OpenServer\domains\NewSite\blog\protected\views\post\_form.php(23): CActiveForm->labelEx()
#7 C:\OpenServer\domains\NewSite\yii\framework\web\CBaseController.php(126): require()
#8 C:\OpenServer\domains\NewSite\yii\framework\web\CBaseController.php(95): PostController->renderInternal()
#9 C:\OpenServer\domains\NewSite\yii\framework\web\CController.php(869): PostController->renderFile()
#10 C:\OpenServer\domains\NewSite\blog\protected\views\post\create.php(18): PostController->renderPartial()
#11 C:\OpenServer\domains\NewSite\yii\framework\web\CBaseController.php(126): require()
#12 C:\OpenServer\domains\NewSite\yii\framework\web\CBaseController.php(95): PostController->renderInternal()
#13 C:\OpenServer\domains\NewSite\yii\framework\web\CController.php(869): PostController->renderFile()
#14 C:\OpenServer\domains\NewSite\yii\framework\web\CController.php(782): PostController->renderPartial()
#15 C:\OpenServer\domains\NewSite\blog\protected\controllers\PostController.php(79): PostController->render()
#16 C:\OpenServer\domains\NewSite\yii\framework\web\actions\CInlineAction.php(49): PostController->actionCreate()
#17 C:\OpenServer\domains\NewSite\yii\framework\web\CController.php(308): CInlineAction->runWithParams()
#18 C:\OpenServer\domains\NewSite\yii\framework\web\filters\CFilterChain.php(133): PostController->runAction()
#19 C:\OpenServer\domains\NewSite\yii\framework\web\filters\CFilter.php(40): CFilterChain->run()
#20 C:\OpenServer\domains\NewSite\yii\framework\web\CController.php(1145): CAccessControlFilter->filter()
#21 C:\OpenServer\domains\NewSite\yii\framework\web\filters\CInlineFilter.php(58): PostController->filterAccessControl()
#22 C:\OpenServer\domains\NewSite\yii\framework\web\filters\CFilterChain.php(130): CInlineFilter->filter()
#23 C:\OpenServer\domains\NewSite\yii\framework\web\CController.php(291): CFilterChain->run()
#24 C:\OpenServer\domains\NewSite\yii\framework\web\CController.php(265): PostController->runActionWithFilters()
#25 C:\OpenServer\domains\NewSite\yii\framework\web\CWebApplication.php(282): PostController->run()
#26 C:\OpenServer\domains\NewSite\yii\framework\web\CWebApplication.php(141): CWebApplication->runController()
#27 C:\OpenServer\domains\NewSite\yii\framework\base\CApplication.php(180): CWebApplication->processRequest()
#28 C:\OpenServer\domains\NewSite\blog\index.php(13): CWebApplication->run()
REQUEST_URI=/blog/index.php?r=post/create
in C:\OpenServer\domains\NewSite\blog\protected\views\post\_form.php (23)
in C:\OpenServer\domains\NewSite\blog\protected\views\post\create.php (18)
in C:\OpenServer\domains\NewSite\blog\protected\controllers\PostController.php (79)
2014/06/20 15:53:10 [error] [exception.CHttpException.403] exception 'CHttpException' with message 'You are not authorized to perform this action.' in C:\OpenServer\domains\NewSite\yii\framework\web\auth\CAccessControlFilter.php:182
Stack trace:
#0 C:\OpenServer\domains\NewSite\yii\framework\web\auth\CAccessControlFilter.php(145): CAccessControlFilter->accessDenied(Object(CWebUser), 'You are not aut...')
#1 C:\OpenServer\domains\NewSite\yii\framework\web\filters\CFilter.php(38): CAccessControlFilter->preFilter(Object(CFilterChain))
#2 C:\OpenServer\domains\NewSite\yii\framework\web\CController.php(1145): CFilter->filter(Object(CFilterChain))
#3 C:\OpenServer\domains\NewSite\yii\framework\web\filters\CInlineFilter.php(58): CController->filterAccessControl(Object(CFilterChain))
#4 C:\OpenServer\domains\NewSite\yii\framework\web\filters\CFilterChain.php(130): CInlineFilter->filter(Object(CFilterChain))
#5 C:\OpenServer\domains\NewSite\yii\framework\web\CController.php(291): CFilterChain->run()
#6 C:\OpenServer\domains\NewSite\yii\framework\web\CController.php(265): CController->runActionWithFilters(Object(CInlineAction), Array)
#7 C:\OpenServer\domains\NewSite\yii\framework\web\CWebApplication.php(282): CController->run('admin')
#8 C:\OpenServer\domains\NewSite\yii\framework\web\CWebApplication.php(141): CWebApplication->runController('post/admin')
#9 C:\OpenServer\domains\NewSite\yii\framework\base\CApplication.php(180): CWebApplication->processRequest()
#10 C:\OpenServer\domains\NewSite\blog\index.php(13): CApplication->run()
#11 {main}
REQUEST_URI=/blog/index.php?r=post/admin
HTTP_REFERER=http://newsite/blog/index.php?r=post
---
2014/06/20 15:53:22 [error] [php] include(normalizeTags.php) [<a href='function.include'>function.include</a>]: failed to open stream: No such file or directory (C:\OpenServer\domains\NewSite\yii\framework\YiiBase.php:427)
Stack trace:
#0 C:\OpenServer\domains\NewSite\yii\framework\validators\CValidator.php(186): import()
#1 C:\OpenServer\domains\NewSite\yii\framework\base\CModel.php(287): createValidator()
#2 C:\OpenServer\domains\NewSite\yii\framework\base\CModel.php(260): Post->createValidators()
#3 C:\OpenServer\domains\NewSite\yii\framework\base\CModel.php(304): Post->getValidators()
#4 C:\OpenServer\domains\NewSite\yii\framework\web\helpers\CHtml.php(1414): Post->isAttributeRequired()
#5 C:\OpenServer\domains\NewSite\yii\framework\web\widgets\CActiveForm.php(597): activeLabelEx()
#6 C:\OpenServer\domains\NewSite\blog\protected\views\post\_form.php(23): CActiveForm->labelEx()
#7 C:\OpenServer\domains\NewSite\yii\framework\web\CBaseController.php(126): require()
#8 C:\OpenServer\domains\NewSite\yii\framework\web\CBaseController.php(95): PostController->renderInternal()
#9 C:\OpenServer\domains\NewSite\yii\framework\web\CController.php(869): PostController->renderFile()
#10 C:\OpenServer\domains\NewSite\blog\protected\views\post\create.php(18): PostController->renderPartial()
#11 C:\OpenServer\domains\NewSite\yii\framework\web\CBaseController.php(126): require()
#12 C:\OpenServer\domains\NewSite\yii\framework\web\CBaseController.php(95): PostController->renderInternal()
#13 C:\OpenServer\domains\NewSite\yii\framework\web\CController.php(869): PostController->renderFile()
#14 C:\OpenServer\domains\NewSite\yii\framework\web\CController.php(782): PostController->renderPartial()
#15 C:\OpenServer\domains\NewSite\blog\protected\controllers\PostController.php(79): PostController->render()
#16 C:\OpenServer\domains\NewSite\yii\framework\web\actions\CInlineAction.php(49): PostController->actionCreate()
#17 C:\OpenServer\domains\NewSite\yii\framework\web\CController.php(308): CInlineAction->runWithParams()
#18 C:\OpenServer\domains\NewSite\yii\framework\web\filters\CFilterChain.php(133): PostController->runAction()
#19 C:\OpenServer\domains\NewSite\yii\framework\web\filters\CFilter.php(40): CFilterChain->run()
#20 C:\OpenServer\domains\NewSite\yii\framework\web\CController.php(1145): CAccessControlFilter->filter()
#21 C:\OpenServer\domains\NewSite\yii\framework\web\filters\CInlineFilter.php(58): PostController->filterAccessControl()
#22 C:\OpenServer\domains\NewSite\yii\framework\web\filters\CFilterChain.php(130): CInlineFilter->filter()
#23 C:\OpenServer\domains\NewSite\yii\framework\web\CController.php(291): CFilterChain->run()
#24 C:\OpenServer\domains\NewSite\yii\framework\web\CController.php(265): PostController->runActionWithFilters()
#25 C:\OpenServer\domains\NewSite\yii\framework\web\CWebApplication.php(282): PostController->run()
#26 C:\OpenServer\domains\NewSite\yii\framework\web\CWebApplication.php(141): CWebApplication->runController()
#27 C:\OpenServer\domains\NewSite\yii\framework\base\CApplication.php(180): CWebApplication->processRequest()
#28 C:\OpenServer\domains\NewSite\blog\index.php(13): CWebApplication->run()
REQUEST_URI=/blog/index.php?r=post/create
in C:\OpenServer\domains\NewSite\blog\protected\views\post\_form.php (23)
in C:\OpenServer\domains\NewSite\blog\protected\views\post\create.php (18)
in C:\OpenServer\domains\NewSite\blog\protected\controllers\PostController.php (79)
2014/06/20 15:54:44 [error] [php] include(normalizeTags.php) [<a href='function.include'>function.include</a>]: failed to open stream: No such file or directory (C:\OpenServer\domains\NewSite\yii\framework\YiiBase.php:427)
Stack trace:
#0 C:\OpenServer\domains\NewSite\yii\framework\validators\CValidator.php(186): import()
#1 C:\OpenServer\domains\NewSite\yii\framework\base\CModel.php(287): createValidator()
#2 C:\OpenServer\domains\NewSite\yii\framework\base\CModel.php(260): Post->createValidators()
#3 C:\OpenServer\domains\NewSite\yii\framework\base\CModel.php(304): Post->getValidators()
#4 C:\OpenServer\domains\NewSite\yii\framework\web\helpers\CHtml.php(1414): Post->isAttributeRequired()
#5 C:\OpenServer\domains\NewSite\yii\framework\web\widgets\CActiveForm.php(597): activeLabelEx()
#6 C:\OpenServer\domains\NewSite\blog\protected\views\post\_form.php(23): CActiveForm->labelEx()
#7 C:\OpenServer\domains\NewSite\yii\framework\web\CBaseController.php(126): require()
#8 C:\OpenServer\domains\NewSite\yii\framework\web\CBaseController.php(95): PostController->renderInternal()
#9 C:\OpenServer\domains\NewSite\yii\framework\web\CController.php(869): PostController->renderFile()
#10 C:\OpenServer\domains\NewSite\blog\protected\views\post\create.php(18): PostController->renderPartial()
#11 C:\OpenServer\domains\NewSite\yii\framework\web\CBaseController.php(126): require()
#12 C:\OpenServer\domains\NewSite\yii\framework\web\CBaseController.php(95): PostController->renderInternal()
#13 C:\OpenServer\domains\NewSite\yii\framework\web\CController.php(869): PostController->renderFile()
#14 C:\OpenServer\domains\NewSite\yii\framework\web\CController.php(782): PostController->renderPartial()
#15 C:\OpenServer\domains\NewSite\blog\protected\controllers\PostController.php(79): PostController->render()
#16 C:\OpenServer\domains\NewSite\yii\framework\web\actions\CInlineAction.php(49): PostController->actionCreate()
#17 C:\OpenServer\domains\NewSite\yii\framework\web\CController.php(308): CInlineAction->runWithParams()
#18 C:\OpenServer\domains\NewSite\yii\framework\web\filters\CFilterChain.php(133): PostController->runAction()
#19 C:\OpenServer\domains\NewSite\yii\framework\web\filters\CFilter.php(40): CFilterChain->run()
#20 C:\OpenServer\domains\NewSite\yii\framework\web\CController.php(1145): CAccessControlFilter->filter()
#21 C:\OpenServer\domains\NewSite\yii\framework\web\filters\CInlineFilter.php(58): PostController->filterAccessControl()
#22 C:\OpenServer\domains\NewSite\yii\framework\web\filters\CFilterChain.php(130): CInlineFilter->filter()
#23 C:\OpenServer\domains\NewSite\yii\framework\web\CController.php(291): CFilterChain->run()
#24 C:\OpenServer\domains\NewSite\yii\framework\web\CController.php(265): PostController->runActionWithFilters()
#25 C:\OpenServer\domains\NewSite\yii\framework\web\CWebApplication.php(282): PostController->run()
#26 C:\OpenServer\domains\NewSite\yii\framework\web\CWebApplication.php(141): CWebApplication->runController()
#27 C:\OpenServer\domains\NewSite\yii\framework\base\CApplication.php(180): CWebApplication->processRequest()
#28 C:\OpenServer\domains\NewSite\blog\index.php(13): CWebApplication->run()
REQUEST_URI=/blog/index.php?r=post/create
in C:\OpenServer\domains\NewSite\blog\protected\views\post\_form.php (23)
in C:\OpenServer\domains\NewSite\blog\protected\views\post\create.php (18)
in C:\OpenServer\domains\NewSite\blog\protected\controllers\PostController.php (79)
2014/06/20 15:54:55 [error] [php] include(normalizeTags.php) [<a href='function.include'>function.include</a>]: failed to open stream: No such file or directory (C:\OpenServer\domains\NewSite\yii\framework\YiiBase.php:427)
Stack trace:
#0 C:\OpenServer\domains\NewSite\yii\framework\validators\CValidator.php(186): import()
#1 C:\OpenServer\domains\NewSite\yii\framework\base\CModel.php(287): createValidator()
#2 C:\OpenServer\domains\NewSite\yii\framework\base\CModel.php(260): Post->createValidators()
#3 C:\OpenServer\domains\NewSite\yii\framework\web\helpers\CHtml.php(2236): Post->getValidators()
#4 C:\OpenServer\domains\NewSite\yii\framework\web\helpers\CHtml.php(1434): activeInputField()
#5 C:\OpenServer\domains\NewSite\yii\framework\web\widgets\CActiveForm.php(725): activeTextField()
#6 C:\OpenServer\domains\NewSite\blog\protected\views\post\_search.php(16): CActiveForm->textField()
#7 C:\OpenServer\domains\NewSite\yii\framework\web\CBaseController.php(126): require()
#8 C:\OpenServer\domains\NewSite\yii\framework\web\CBaseController.php(95): PostController->renderInternal()
#9 C:\OpenServer\domains\NewSite\yii\framework\web\CController.php(869): PostController->renderFile()
#10 C:\OpenServer\domains\NewSite\blog\protected\views\post\admin.php(40): PostController->renderPartial()
#11 C:\OpenServer\domains\NewSite\yii\framework\web\CBaseController.php(126): require()
#12 C:\OpenServer\domains\NewSite\yii\framework\web\CBaseController.php(95): PostController->renderInternal()
#13 C:\OpenServer\domains\NewSite\yii\framework\web\CController.php(869): PostController->renderFile()
#14 C:\OpenServer\domains\NewSite\yii\framework\web\CController.php(782): PostController->renderPartial()
#15 C:\OpenServer\domains\NewSite\blog\protected\controllers\PostController.php(143): PostController->render()
#16 C:\OpenServer\domains\NewSite\yii\framework\web\actions\CInlineAction.php(49): PostController->actionAdmin()
#17 C:\OpenServer\domains\NewSite\yii\framework\web\CController.php(308): CInlineAction->runWithParams()
#18 C:\OpenServer\domains\NewSite\yii\framework\web\filters\CFilterChain.php(133): PostController->runAction()
#19 C:\OpenServer\domains\NewSite\yii\framework\web\filters\CFilter.php(40): CFilterChain->run()
#20 C:\OpenServer\domains\NewSite\yii\framework\web\CController.php(1145): CAccessControlFilter->filter()
#21 C:\OpenServer\domains\NewSite\yii\framework\web\filters\CInlineFilter.php(58): PostController->filterAccessControl()
#22 C:\OpenServer\domains\NewSite\yii\framework\web\filters\CFilterChain.php(130): CInlineFilter->filter()
#23 C:\OpenServer\domains\NewSite\yii\framework\web\CController.php(291): CFilterChain->run()
#24 C:\OpenServer\domains\NewSite\yii\framework\web\CController.php(265): PostController->runActionWithFilters()
#25 C:\OpenServer\domains\NewSite\yii\framework\web\CWebApplication.php(282): PostController->run()
#26 C:\OpenServer\domains\NewSite\yii\framework\web\CWebApplication.php(141): CWebApplication->runController()
#27 C:\OpenServer\domains\NewSite\yii\framework\base\CApplication.php(180): CWebApplication->processRequest()
#28 C:\OpenServer\domains\NewSite\blog\index.php(13): CWebApplication->run()
REQUEST_URI=/blog/index.php?r=post/admin
in C:\OpenServer\domains\NewSite\blog\protected\views\post\_search.php (16)
in C:\OpenServer\domains\NewSite\blog\protected\views\post\admin.php (40)
in C:\OpenServer\domains\NewSite\blog\protected\controllers\PostController.php (143)
2014/06/20 17:39:56 [error] [exception.CHttpException.404] exception 'CHttpException' with message 'The requested page does not exist.' in C:\OpenServer\domains\NewSite\blog\protected\controllers\PostController.php:152
Stack trace:
#0 C:\OpenServer\domains\NewSite\blog\protected\controllers\PostController.php(50): PostController->loadModel('5')
#1 [internal function]: PostController->actionView('5')
#2 C:\OpenServer\domains\NewSite\yii\framework\web\actions\CAction.php(108): ReflectionMethod->invokeArgs(Object(PostController), Array)
#3 C:\OpenServer\domains\NewSite\yii\framework\web\actions\CInlineAction.php(47): CAction->runWithParamsInternal(Object(PostController), Object(ReflectionMethod), Array)
#4 C:\OpenServer\domains\NewSite\yii\framework\web\CController.php(308): CInlineAction->runWithParams(Array)
#5 C:\OpenServer\domains\NewSite\yii\framework\web\filters\CFilterChain.php(133): CController->runAction(Object(CInlineAction))
#6 C:\OpenServer\domains\NewSite\yii\framework\web\filters\CFilter.php(40): CFilterChain->run()
#7 C:\OpenServer\domains\NewSite\yii\framework\web\CController.php(1145): CFilter->filter(Object(CFilterChain))
#8 C:\OpenServer\domains\NewSite\yii\framework\web\filters\CInlineFilter.php(58): CController->filterAccessControl(Object(CFilterChain))
#9 C:\OpenServer\domains\NewSite\yii\framework\web\filters\CFilterChain.php(130): CInlineFilter->filter(Object(CFilterChain))
#10 C:\OpenServer\domains\NewSite\yii\framework\web\CController.php(291): CFilterChain->run()
#11 C:\OpenServer\domains\NewSite\yii\framework\web\CController.php(265): CController->runActionWithFilters(Object(CInlineAction), Array)
#12 C:\OpenServer\domains\NewSite\yii\framework\web\CWebApplication.php(282): CController->run('view')
#13 C:\OpenServer\domains\NewSite\yii\framework\web\CWebApplication.php(141): CWebApplication->runController('post/view')
#14 C:\OpenServer\domains\NewSite\yii\framework\base\CApplication.php(180): CWebApplication->processRequest()
#15 C:\OpenServer\domains\NewSite\blog\index.php(13): CApplication->run()
#16 {main}
REQUEST_URI=/blog/index.php?r=post/view&id=5
---
2014/06/20 17:42:54 [error] [exception.CException] exception 'CException' with message 'Property "PostController._model" is not defined.' in C:\OpenServer\domains\NewSite\yii\framework\base\CComponent.php:130
Stack trace:
#0 C:\OpenServer\domains\NewSite\blog\protected\controllers\PostController.php(151): CComponent->__get('_model')
#1 C:\OpenServer\domains\NewSite\blog\protected\controllers\PostController.php(50): PostController->loadModel('5')
#2 [internal function]: PostController->actionView('5')
#3 C:\OpenServer\domains\NewSite\yii\framework\web\actions\CAction.php(108): ReflectionMethod->invokeArgs(Object(PostController), Array)
#4 C:\OpenServer\domains\NewSite\yii\framework\web\actions\CInlineAction.php(47): CAction->runWithParamsInternal(Object(PostController), Object(ReflectionMethod), Array)
#5 C:\OpenServer\domains\NewSite\yii\framework\web\CController.php(308): CInlineAction->runWithParams(Array)
#6 C:\OpenServer\domains\NewSite\yii\framework\web\filters\CFilterChain.php(133): CController->runAction(Object(CInlineAction))
#7 C:\OpenServer\domains\NewSite\yii\framework\web\filters\CFilter.php(40): CFilterChain->run()
#8 C:\OpenServer\domains\NewSite\yii\framework\web\CController.php(1145): CFilter->filter(Object(CFilterChain))
#9 C:\OpenServer\domains\NewSite\yii\framework\web\filters\CInlineFilter.php(58): CController->filterAccessControl(Object(CFilterChain))
#10 C:\OpenServer\domains\NewSite\yii\framework\web\filters\CFilterChain.php(130): CInlineFilter->filter(Object(CFilterChain))
#11 C:\OpenServer\domains\NewSite\yii\framework\web\CController.php(291): CFilterChain->run()
#12 C:\OpenServer\domains\NewSite\yii\framework\web\CController.php(265): CController->runActionWithFilters(Object(CInlineAction), Array)
#13 C:\OpenServer\domains\NewSite\yii\framework\web\CWebApplication.php(282): CController->run('view')
#14 C:\OpenServer\domains\NewSite\yii\framework\web\CWebApplication.php(141): CWebApplication->runController('post/view')
#15 C:\OpenServer\domains\NewSite\yii\framework\base\CApplication.php(180): CWebApplication->processRequest()
#16 C:\OpenServer\domains\NewSite\blog\index.php(13): CApplication->run()
#17 {main}
REQUEST_URI=/blog/index.php?r=post/view&id=5
---
2014/06/20 17:43:07 [error] [exception.CException] exception 'CException' with message 'Property "PostController._model" is not defined.' in C:\OpenServer\domains\NewSite\yii\framework\base\CComponent.php:130
Stack trace:
#0 C:\OpenServer\domains\NewSite\blog\protected\controllers\PostController.php(151): CComponent->__get('_model')
#1 C:\OpenServer\domains\NewSite\blog\protected\controllers\PostController.php(50): PostController->loadModel('5')
#2 [internal function]: PostController->actionView('5')
#3 C:\OpenServer\domains\NewSite\yii\framework\web\actions\CAction.php(108): ReflectionMethod->invokeArgs(Object(PostController), Array)
#4 C:\OpenServer\domains\NewSite\yii\framework\web\actions\CInlineAction.php(47): CAction->runWithParamsInternal(Object(PostController), Object(ReflectionMethod), Array)
#5 C:\OpenServer\domains\NewSite\yii\framework\web\CController.php(308): CInlineAction->runWithParams(Array)
#6 C:\OpenServer\domains\NewSite\yii\framework\web\filters\CFilterChain.php(133): CController->runAction(Object(CInlineAction))
#7 C:\OpenServer\domains\NewSite\yii\framework\web\filters\CFilter.php(40): CFilterChain->run()
#8 C:\OpenServer\domains\NewSite\yii\framework\web\CController.php(1145): CFilter->filter(Object(CFilterChain))
#9 C:\OpenServer\domains\NewSite\yii\framework\web\filters\CInlineFilter.php(58): CController->filterAccessControl(Object(CFilterChain))
#10 C:\OpenServer\domains\NewSite\yii\framework\web\filters\CFilterChain.php(130): CInlineFilter->filter(Object(CFilterChain))
#11 C:\OpenServer\domains\NewSite\yii\framework\web\CController.php(291): CFilterChain->run()
#12 C:\OpenServer\domains\NewSite\yii\framework\web\CController.php(265): CController->runActionWithFilters(Object(CInlineAction), Array)
#13 C:\OpenServer\domains\NewSite\yii\framework\web\CWebApplication.php(282): CController->run('view')
#14 C:\OpenServer\domains\NewSite\yii\framework\web\CWebApplication.php(141): CWebApplication->runController('post/view')
#15 C:\OpenServer\domains\NewSite\yii\framework\base\CApplication.php(180): CWebApplication->processRequest()
#16 C:\OpenServer\domains\NewSite\blog\index.php(13): CApplication->run()
#17 {main}
REQUEST_URI=/blog/index.php?r=post/view&id=5
---
2014/06/20 17:43:10 [error] [exception.CException] exception 'CException' with message 'Property "PostController._model" is not defined.' in C:\OpenServer\domains\NewSite\yii\framework\base\CComponent.php:130
Stack trace:
#0 C:\OpenServer\domains\NewSite\blog\protected\controllers\PostController.php(151): CComponent->__get('_model')
#1 C:\OpenServer\domains\NewSite\blog\protected\controllers\PostController.php(50): PostController->loadModel('2')
#2 [internal function]: PostController->actionView('2')
#3 C:\OpenServer\domains\NewSite\yii\framework\web\actions\CAction.php(108): ReflectionMethod->invokeArgs(Object(PostController), Array)
#4 C:\OpenServer\domains\NewSite\yii\framework\web\actions\CInlineAction.php(47): CAction->runWithParamsInternal(Object(PostController), Object(ReflectionMethod), Array)
#5 C:\OpenServer\domains\NewSite\yii\framework\web\CController.php(308): CInlineAction->runWithParams(Array)
#6 C:\OpenServer\domains\NewSite\yii\framework\web\filters\CFilterChain.php(133): CController->runAction(Object(CInlineAction))
#7 C:\OpenServer\domains\NewSite\yii\framework\web\filters\CFilter.php(40): CFilterChain->run()
#8 C:\OpenServer\domains\NewSite\yii\framework\web\CController.php(1145): CFilter->filter(Object(CFilterChain))
#9 C:\OpenServer\domains\NewSite\yii\framework\web\filters\CInlineFilter.php(58): CController->filterAccessControl(Object(CFilterChain))
#10 C:\OpenServer\domains\NewSite\yii\framework\web\filters\CFilterChain.php(130): CInlineFilter->filter(Object(CFilterChain))
#11 C:\OpenServer\domains\NewSite\yii\framework\web\CController.php(291): CFilterChain->run()
#12 C:\OpenServer\domains\NewSite\yii\framework\web\CController.php(265): CController->runActionWithFilters(Object(CInlineAction), Array)
#13 C:\OpenServer\domains\NewSite\yii\framework\web\CWebApplication.php(282): CController->run('view')
#14 C:\OpenServer\domains\NewSite\yii\framework\web\CWebApplication.php(141): CWebApplication->runController('post/view')
#15 C:\OpenServer\domains\NewSite\yii\framework\base\CApplication.php(180): CWebApplication->processRequest()
#16 C:\OpenServer\domains\NewSite\blog\index.php(13): CApplication->run()
#17 {main}
REQUEST_URI=/blog/index.php?r=post/view&id=2
---
2014/06/20 17:43:16 [error] [exception.CException] exception 'CException' with message 'Property "PostController._model" is not defined.' in C:\OpenServer\domains\NewSite\yii\framework\base\CComponent.php:130
Stack trace:
#0 C:\OpenServer\domains\NewSite\blog\protected\controllers\PostController.php(151): CComponent->__get('_model')
#1 C:\OpenServer\domains\NewSite\blog\protected\controllers\PostController.php(50): PostController->loadModel('2')
#2 [internal function]: PostController->actionView('2')
#3 C:\OpenServer\domains\NewSite\yii\framework\web\actions\CAction.php(108): ReflectionMethod->invokeArgs(Object(PostController), Array)
#4 C:\OpenServer\domains\NewSite\yii\framework\web\actions\CInlineAction.php(47): CAction->runWithParamsInternal(Object(PostController), Object(ReflectionMethod), Array)
#5 C:\OpenServer\domains\NewSite\yii\framework\web\CController.php(308): CInlineAction->runWithParams(Array)
#6 C:\OpenServer\domains\NewSite\yii\framework\web\filters\CFilterChain.php(133): CController->runAction(Object(CInlineAction))
#7 C:\OpenServer\domains\NewSite\yii\framework\web\filters\CFilter.php(40): CFilterChain->run()
#8 C:\OpenServer\domains\NewSite\yii\framework\web\CController.php(1145): CFilter->filter(Object(CFilterChain))
#9 C:\OpenServer\domains\NewSite\yii\framework\web\filters\CInlineFilter.php(58): CController->filterAccessControl(Object(CFilterChain))
#10 C:\OpenServer\domains\NewSite\yii\framework\web\filters\CFilterChain.php(130): CInlineFilter->filter(Object(CFilterChain))
#11 C:\OpenServer\domains\NewSite\yii\framework\web\CController.php(291): CFilterChain->run()
#12 C:\OpenServer\domains\NewSite\yii\framework\web\CController.php(265): CController->runActionWithFilters(Object(CInlineAction), Array)
#13 C:\OpenServer\domains\NewSite\yii\framework\web\CWebApplication.php(282): CController->run('view')
#14 C:\OpenServer\domains\NewSite\yii\framework\web\CWebApplication.php(141): CWebApplication->runController('post/view')
#15 C:\OpenServer\domains\NewSite\yii\framework\base\CApplication.php(180): CWebApplication->processRequest()
#16 C:\OpenServer\domains\NewSite\blog\index.php(13): CApplication->run()
#17 {main}
REQUEST_URI=/blog/index.php?r=post/view&id=2
---
2014/06/20 17:43:29 [error] [exception.CException] exception 'CException' with message 'Property "PostController._model" is not defined.' in C:\OpenServer\domains\NewSite\yii\framework\base\CComponent.php:130
Stack trace:
#0 C:\OpenServer\domains\NewSite\blog\protected\controllers\PostController.php(151): CComponent->__get('_model')
#1 C:\OpenServer\domains\NewSite\blog\protected\controllers\PostController.php(50): PostController->loadModel('2')
#2 [internal function]: PostController->actionView('2')
#3 C:\OpenServer\domains\NewSite\yii\framework\web\actions\CAction.php(108): ReflectionMethod->invokeArgs(Object(PostController), Array)
#4 C:\OpenServer\domains\NewSite\yii\framework\web\actions\CInlineAction.php(47): CAction->runWithParamsInternal(Object(PostController), Object(ReflectionMethod), Array)
#5 C:\OpenServer\domains\NewSite\yii\framework\web\CController.php(308): CInlineAction->runWithParams(Array)
#6 C:\OpenServer\domains\NewSite\yii\framework\web\filters\CFilterChain.php(133): CController->runAction(Object(CInlineAction))
#7 C:\OpenServer\domains\NewSite\yii\framework\web\filters\CFilter.php(40): CFilterChain->run()
#8 C:\OpenServer\domains\NewSite\yii\framework\web\CController.php(1145): CFilter->filter(Object(CFilterChain))
#9 C:\OpenServer\domains\NewSite\yii\framework\web\filters\CInlineFilter.php(58): CController->filterAccessControl(Object(CFilterChain))
#10 C:\OpenServer\domains\NewSite\yii\framework\web\filters\CFilterChain.php(130): CInlineFilter->filter(Object(CFilterChain))
#11 C:\OpenServer\domains\NewSite\yii\framework\web\CController.php(291): CFilterChain->run()
#12 C:\OpenServer\domains\NewSite\yii\framework\web\CController.php(265): CController->runActionWithFilters(Object(CInlineAction), Array)
#13 C:\OpenServer\domains\NewSite\yii\framework\web\CWebApplication.php(282): CController->run('view')
#14 C:\OpenServer\domains\NewSite\yii\framework\web\CWebApplication.php(141): CWebApplication->runController('post/view')
#15 C:\OpenServer\domains\NewSite\yii\framework\base\CApplication.php(180): CWebApplication->processRequest()
#16 C:\OpenServer\domains\NewSite\blog\index.php(13): CApplication->run()
#17 {main}
REQUEST_URI=/blog/index.php?r=post/view&id=2
---
2014/06/20 17:43:33 [error] [exception.CHttpException.400] exception 'CHttpException' with message 'Your request is invalid.' in C:\OpenServer\domains\NewSite\yii\framework\web\CController.php:336
Stack trace:
#0 C:\OpenServer\domains\NewSite\yii\framework\web\CController.php(309): CController->invalidActionParams(Object(CInlineAction))
#1 C:\OpenServer\domains\NewSite\yii\framework\web\filters\CFilterChain.php(133): CController->runAction(Object(CInlineAction))
#2 C:\OpenServer\domains\NewSite\yii\framework\web\filters\CFilter.php(40): CFilterChain->run()
#3 C:\OpenServer\domains\NewSite\yii\framework\web\CController.php(1145): CFilter->filter(Object(CFilterChain))
#4 C:\OpenServer\domains\NewSite\yii\framework\web\filters\CInlineFilter.php(58): CController->filterAccessControl(Object(CFilterChain))
#5 C:\OpenServer\domains\NewSite\yii\framework\web\filters\CFilterChain.php(130): CInlineFilter->filter(Object(CFilterChain))
#6 C:\OpenServer\domains\NewSite\yii\framework\web\CController.php(291): CFilterChain->run()
#7 C:\OpenServer\domains\NewSite\yii\framework\web\CController.php(265): CController->runActionWithFilters(Object(CInlineAction), Array)
#8 C:\OpenServer\domains\NewSite\yii\framework\web\CWebApplication.php(282): CController->run('view')
#9 C:\OpenServer\domains\NewSite\yii\framework\web\CWebApplication.php(141): CWebApplication->runController('post/view')
#10 C:\OpenServer\domains\NewSite\yii\framework\base\CApplication.php(180): CWebApplication->processRequest()
#11 C:\OpenServer\domains\NewSite\blog\index.php(13): CApplication->run()
#12 {main}
REQUEST_URI=/blog/index.php?r=post/view
---
2014/06/20 17:43:42 [error] [exception.CException] exception 'CException' with message 'Property "PostController._model" is not defined.' in C:\OpenServer\domains\NewSite\yii\framework\base\CComponent.php:130
Stack trace:
#0 C:\OpenServer\domains\NewSite\blog\protected\controllers\PostController.php(151): CComponent->__get('_model')
#1 C:\OpenServer\domains\NewSite\blog\protected\controllers\PostController.php(50): PostController->loadModel('1')
#2 [internal function]: PostController->actionView('1')
#3 C:\OpenServer\domains\NewSite\yii\framework\web\actions\CAction.php(108): ReflectionMethod->invokeArgs(Object(PostController), Array)
#4 C:\OpenServer\domains\NewSite\yii\framework\web\actions\CInlineAction.php(47): CAction->runWithParamsInternal(Object(PostController), Object(ReflectionMethod), Array)
#5 C:\OpenServer\domains\NewSite\yii\framework\web\CController.php(308): CInlineAction->runWithParams(Array)
#6 C:\OpenServer\domains\NewSite\yii\framework\web\filters\CFilterChain.php(133): CController->runAction(Object(CInlineAction))
#7 C:\OpenServer\domains\NewSite\yii\framework\web\filters\CFilter.php(40): CFilterChain->run()
#8 C:\OpenServer\domains\NewSite\yii\framework\web\CController.php(1145): CFilter->filter(Object(CFilterChain))
#9 C:\OpenServer\domains\NewSite\yii\framework\web\filters\CInlineFilter.php(58): CController->filterAccessControl(Object(CFilterChain))
#10 C:\OpenServer\domains\NewSite\yii\framework\web\filters\CFilterChain.php(130): CInlineFilter->filter(Object(CFilterChain))
#11 C:\OpenServer\domains\NewSite\yii\framework\web\CController.php(291): CFilterChain->run()
#12 C:\OpenServer\domains\NewSite\yii\framework\web\CController.php(265): CController->runActionWithFilters(Object(CInlineAction), Array)
#13 C:\OpenServer\domains\NewSite\yii\framework\web\CWebApplication.php(282): CController->run('view')
#14 C:\OpenServer\domains\NewSite\yii\framework\web\CWebApplication.php(141): CWebApplication->runController('post/view')
#15 C:\OpenServer\domains\NewSite\yii\framework\base\CApplication.php(180): CWebApplication->processRequest()
#16 C:\OpenServer\domains\NewSite\blog\index.php(13): CApplication->run()
#17 {main}
REQUEST_URI=/blog/index.php?r=post/view&id=1
HTTP_REFERER=http://newsite/blog/index.php?r=post
---
2014/06/20 17:44:45 [error] [exception.CHttpException.404] exception 'CHttpException' with message 'Запрашиваемая страница не существует.' in C:\OpenServer\domains\NewSite\blog\protected\controllers\PostController.php:165
Stack trace:
#0 C:\OpenServer\domains\NewSite\blog\protected\controllers\PostController.php(50): PostController->loadModel('5')
#1 [internal function]: PostController->actionView('5')
#2 C:\OpenServer\domains\NewSite\yii\framework\web\actions\CAction.php(108): ReflectionMethod->invokeArgs(Object(PostController), Array)
#3 C:\OpenServer\domains\NewSite\yii\framework\web\actions\CInlineAction.php(47): CAction->runWithParamsInternal(Object(PostController), Object(ReflectionMethod), Array)
#4 C:\OpenServer\domains\NewSite\yii\framework\web\CController.php(308): CInlineAction->runWithParams(Array)
#5 C:\OpenServer\domains\NewSite\yii\framework\web\filters\CFilterChain.php(133): CController->runAction(Object(CInlineAction))
#6 C:\OpenServer\domains\NewSite\yii\framework\web\filters\CFilter.php(40): CFilterChain->run()
#7 C:\OpenServer\domains\NewSite\yii\framework\web\CController.php(1145): CFilter->filter(Object(CFilterChain))
#8 C:\OpenServer\domains\NewSite\yii\framework\web\filters\CInlineFilter.php(58): CController->filterAccessControl(Object(CFilterChain))
#9 C:\OpenServer\domains\NewSite\yii\framework\web\filters\CFilterChain.php(130): CInlineFilter->filter(Object(CFilterChain))
#10 C:\OpenServer\domains\NewSite\yii\framework\web\CController.php(291): CFilterChain->run()
#11 C:\OpenServer\domains\NewSite\yii\framework\web\CController.php(265): CController->runActionWithFilters(Object(CInlineAction), Array)
#12 C:\OpenServer\domains\NewSite\yii\framework\web\CWebApplication.php(282): CController->run('view')
#13 C:\OpenServer\domains\NewSite\yii\framework\web\CWebApplication.php(141): CWebApplication->runController('post/view')
#14 C:\OpenServer\domains\NewSite\yii\framework\base\CApplication.php(180): CWebApplication->processRequest()
#15 C:\OpenServer\domains\NewSite\blog\index.php(13): CApplication->run()
#16 {main}
REQUEST_URI=/blog/index.php?r=post/view&id=5
---
2014/06/20 17:45:02 [error] [exception.CHttpException.404] exception 'CHttpException' with message 'Запрашиваемая страница не существует.' in C:\OpenServer\domains\NewSite\blog\protected\controllers\PostController.php:164
Stack trace:
#0 C:\OpenServer\domains\NewSite\blog\protected\controllers\PostController.php(50): PostController->loadModel('5')
#1 [internal function]: PostController->actionView('5')
#2 C:\OpenServer\domains\NewSite\yii\framework\web\actions\CAction.php(108): ReflectionMethod->invokeArgs(Object(PostController), Array)
#3 C:\OpenServer\domains\NewSite\yii\framework\web\actions\CInlineAction.php(47): CAction->runWithParamsInternal(Object(PostController), Object(ReflectionMethod), Array)
#4 C:\OpenServer\domains\NewSite\yii\framework\web\CController.php(308): CInlineAction->runWithParams(Array)
#5 C:\OpenServer\domains\NewSite\yii\framework\web\filters\CFilterChain.php(133): CController->runAction(Object(CInlineAction))
#6 C:\OpenServer\domains\NewSite\yii\framework\web\filters\CFilter.php(40): CFilterChain->run()
#7 C:\OpenServer\domains\NewSite\yii\framework\web\CController.php(1145): CFilter->filter(Object(CFilterChain))
#8 C:\OpenServer\domains\NewSite\yii\framework\web\filters\CInlineFilter.php(58): CController->filterAccessControl(Object(CFilterChain))
#9 C:\OpenServer\domains\NewSite\yii\framework\web\filters\CFilterChain.php(130): CInlineFilter->filter(Object(CFilterChain))
#10 C:\OpenServer\domains\NewSite\yii\framework\web\CController.php(291): CFilterChain->run()
#11 C:\OpenServer\domains\NewSite\yii\framework\web\CController.php(265): CController->runActionWithFilters(Object(CInlineAction), Array)
#12 C:\OpenServer\domains\NewSite\yii\framework\web\CWebApplication.php(282): CController->run('view')
#13 C:\OpenServer\domains\NewSite\yii\framework\web\CWebApplication.php(141): CWebApplication->runController('post/view')
#14 C:\OpenServer\domains\NewSite\yii\framework\base\CApplication.php(180): CWebApplication->processRequest()
#15 C:\OpenServer\domains\NewSite\blog\index.php(13): CApplication->run()
#16 {main}
REQUEST_URI=/blog/index.php?r=post/view&id=5
---
2014/06/20 17:45:59 [error] [exception.CHttpException.404] exception 'CHttpException' with message 'Запрашиваемая страница не существует.' in C:\OpenServer\domains\NewSite\blog\protected\controllers\PostController.php:164
Stack trace:
#0 C:\OpenServer\domains\NewSite\blog\protected\controllers\PostController.php(50): PostController->loadModel('')
#1 [internal function]: PostController->actionView('')
#2 C:\OpenServer\domains\NewSite\yii\framework\web\actions\CAction.php(108): ReflectionMethod->invokeArgs(Object(PostController), Array)
#3 C:\OpenServer\domains\NewSite\yii\framework\web\actions\CInlineAction.php(47): CAction->runWithParamsInternal(Object(PostController), Object(ReflectionMethod), Array)
#4 C:\OpenServer\domains\NewSite\yii\framework\web\CController.php(308): CInlineAction->runWithParams(Array)
#5 C:\OpenServer\domains\NewSite\yii\framework\web\filters\CFilterChain.php(133): CController->runAction(Object(CInlineAction))
#6 C:\OpenServer\domains\NewSite\yii\framework\web\filters\CFilter.php(40): CFilterChain->run()
#7 C:\OpenServer\domains\NewSite\yii\framework\web\CController.php(1145): CFilter->filter(Object(CFilterChain))
#8 C:\OpenServer\domains\NewSite\yii\framework\web\filters\CInlineFilter.php(58): CController->filterAccessControl(Object(CFilterChain))
#9 C:\OpenServer\domains\NewSite\yii\framework\web\filters\CFilterChain.php(130): CInlineFilter->filter(Object(CFilterChain))
#10 C:\OpenServer\domains\NewSite\yii\framework\web\CController.php(291): CFilterChain->run()
#11 C:\OpenServer\domains\NewSite\yii\framework\web\CController.php(265): CController->runActionWithFilters(Object(CInlineAction), Array)
#12 C:\OpenServer\domains\NewSite\yii\framework\web\CWebApplication.php(282): CController->run('view')
#13 C:\OpenServer\domains\NewSite\yii\framework\web\CWebApplication.php(141): CWebApplication->runController('post/view')
#14 C:\OpenServer\domains\NewSite\yii\framework\base\CApplication.php(180): CWebApplication->processRequest()
#15 C:\OpenServer\domains\NewSite\blog\index.php(13): CApplication->run()
#16 {main}
REQUEST_URI=/blog/index.php?r=post/view&id
---
2014/06/20 17:46:06 [error] [exception.CHttpException.400] exception 'CHttpException' with message 'Your request is invalid.' in C:\OpenServer\domains\NewSite\yii\framework\web\CController.php:336
Stack trace:
#0 C:\OpenServer\domains\NewSite\yii\framework\web\CController.php(309): CController->invalidActionParams(Object(CInlineAction))
#1 C:\OpenServer\domains\NewSite\yii\framework\web\filters\CFilterChain.php(133): CController->runAction(Object(CInlineAction))
#2 C:\OpenServer\domains\NewSite\yii\framework\web\filters\CFilter.php(40): CFilterChain->run()
#3 C:\OpenServer\domains\NewSite\yii\framework\web\CController.php(1145): CFilter->filter(Object(CFilterChain))
#4 C:\OpenServer\domains\NewSite\yii\framework\web\filters\CInlineFilter.php(58): CController->filterAccessControl(Object(CFilterChain))
#5 C:\OpenServer\domains\NewSite\yii\framework\web\filters\CFilterChain.php(130): CInlineFilter->filter(Object(CFilterChain))
#6 C:\OpenServer\domains\NewSite\yii\framework\web\CController.php(291): CFilterChain->run()
#7 C:\OpenServer\domains\NewSite\yii\framework\web\CController.php(265): CController->runActionWithFilters(Object(CInlineAction), Array)
#8 C:\OpenServer\domains\NewSite\yii\framework\web\CWebApplication.php(282): CController->run('view')
#9 C:\OpenServer\domains\NewSite\yii\framework\web\CWebApplication.php(141): CWebApplication->runController('post/view')
#10 C:\OpenServer\domains\NewSite\yii\framework\base\CApplication.php(180): CWebApplication->processRequest()
#11 C:\OpenServer\domains\NewSite\blog\index.php(13): CApplication->run()
#12 {main}
REQUEST_URI=/blog/index.php?r=post/view
---
2014/06/20 17:46:16 [error] [exception.CHttpException.404] exception 'CHttpException' with message 'Запрашиваемая страница не существует.' in C:\OpenServer\domains\NewSite\blog\protected\controllers\PostController.php:164
Stack trace:
#0 C:\OpenServer\domains\NewSite\blog\protected\controllers\PostController.php(50): PostController->loadModel('0')
#1 [internal function]: PostController->actionView('0')
#2 C:\OpenServer\domains\NewSite\yii\framework\web\actions\CAction.php(108): ReflectionMethod->invokeArgs(Object(PostController), Array)
#3 C:\OpenServer\domains\NewSite\yii\framework\web\actions\CInlineAction.php(47): CAction->runWithParamsInternal(Object(PostController), Object(ReflectionMethod), Array)
#4 C:\OpenServer\domains\NewSite\yii\framework\web\CController.php(308): CInlineAction->runWithParams(Array)
#5 C:\OpenServer\domains\NewSite\yii\framework\web\filters\CFilterChain.php(133): CController->runAction(Object(CInlineAction))
#6 C:\OpenServer\domains\NewSite\yii\framework\web\filters\CFilter.php(40): CFilterChain->run()
#7 C:\OpenServer\domains\NewSite\yii\framework\web\CController.php(1145): CFilter->filter(Object(CFilterChain))
#8 C:\OpenServer\domains\NewSite\yii\framework\web\filters\CInlineFilter.php(58): CController->filterAccessControl(Object(CFilterChain))
#9 C:\OpenServer\domains\NewSite\yii\framework\web\filters\CFilterChain.php(130): CInlineFilter->filter(Object(CFilterChain))
#10 C:\OpenServer\domains\NewSite\yii\framework\web\CController.php(291): CFilterChain->run()
#11 C:\OpenServer\domains\NewSite\yii\framework\web\CController.php(265): CController->runActionWithFilters(Object(CInlineAction), Array)
#12 C:\OpenServer\domains\NewSite\yii\framework\web\CWebApplication.php(282): CController->run('view')
#13 C:\OpenServer\domains\NewSite\yii\framework\web\CWebApplication.php(141): CWebApplication->runController('post/view')
#14 C:\OpenServer\domains\NewSite\yii\framework\base\CApplication.php(180): CWebApplication->processRequest()
#15 C:\OpenServer\domains\NewSite\blog\index.php(13): CApplication->run()
#16 {main}
REQUEST_URI=/blog/index.php?r=post/view&id=0
---
2014/06/23 13:10:53 [error] [exception.CHttpException.404] exception 'CHttpException' with message 'Unable to resolve the request "зщые".' in C:\OpenServer\domains\NewSite\yii\framework\web\CWebApplication.php:286
Stack trace:
#0 C:\OpenServer\domains\NewSite\yii\framework\web\CWebApplication.php(141): CWebApplication->runController('????????')
#1 C:\OpenServer\domains\NewSite\yii\framework\base\CApplication.php(180): CWebApplication->processRequest()
#2 C:\OpenServer\domains\NewSite\blog\index.php(13): CApplication->run()
#3 {main}
REQUEST_URI=/blog/index.php?r=%D0%B7%D1%89%D1%8B%D0%B5
---
2014/06/23 13:12:41 [error] [exception.CHttpException.404] exception 'CHttpException' with message 'The system is unable to find the requested action "index?tag=post".' in C:\OpenServer\domains\NewSite\yii\framework\web\CController.php:483
Stack trace:
#0 C:\OpenServer\domains\NewSite\yii\framework\web\CController.php(270): CController->missingAction('index?tag=post')
#1 C:\OpenServer\domains\NewSite\yii\framework\web\CWebApplication.php(282): CController->run('index?tag=post')
#2 C:\OpenServer\domains\NewSite\yii\framework\web\CWebApplication.php(141): CWebApplication->runController('post/index?tag=...')
#3 C:\OpenServer\domains\NewSite\yii\framework\base\CApplication.php(180): CWebApplication->processRequest()
#4 C:\OpenServer\domains\NewSite\blog\index.php(13): CApplication->run()
#5 {main}
REQUEST_URI=/blog/index.php?r=post/index?tag=post
---
2014/06/23 14:08:23 [error] [exception.CHttpException.404] exception 'CHttpException' with message 'The system is unable to find the requested action "admin".' in C:\OpenServer\domains\NewSite\yii\framework\web\CController.php:483
Stack trace:
#0 C:\OpenServer\domains\NewSite\yii\framework\web\CController.php(270): CController->missingAction('admin')
#1 C:\OpenServer\domains\NewSite\yii\framework\web\CWebApplication.php(282): CController->run('admin')
#2 C:\OpenServer\domains\NewSite\yii\framework\web\CWebApplication.php(141): CWebApplication->runController('site/admin')
#3 C:\OpenServer\domains\NewSite\yii\framework\base\CApplication.php(180): CWebApplication->processRequest()
#4 C:\OpenServer\domains\NewSite\blog\index.php(13): CApplication->run()
#5 {main}
REQUEST_URI=/blog/index.php?r=site/admin
---
2014/06/23 14:22:20 [warning] [application] Failed to set unsafe attribute "id" of "Post".
in C:\OpenServer\domains\NewSite\blog\protected\controllers\PostController.php (148)
in C:\OpenServer\domains\NewSite\blog\index.php (13)
2014/06/23 14:22:20 [warning] [application] Failed to set unsafe attribute "create_time" of "Post".
in C:\OpenServer\domains\NewSite\blog\protected\controllers\PostController.php (148)
in C:\OpenServer\domains\NewSite\blog\index.php (13)
2014/06/23 14:22:20 [warning] [application] Failed to set unsafe attribute "update_time" of "Post".
in C:\OpenServer\domains\NewSite\blog\protected\controllers\PostController.php (148)
in C:\OpenServer\domains\NewSite\blog\index.php (13)
2014/06/23 14:22:20 [warning] [application] Failed to set unsafe attribute "author_id" of "Post".
in C:\OpenServer\domains\NewSite\blog\protected\controllers\PostController.php (148)
in C:\OpenServer\domains\NewSite\blog\index.php (13)
2014/06/23 14:22:38 [warning] [application] Failed to set unsafe attribute "id" of "Post".
in C:\OpenServer\domains\NewSite\blog\protected\controllers\PostController.php (148)
in C:\OpenServer\domains\NewSite\blog\index.php (13)
2014/06/23 14:22:38 [warning] [application] Failed to set unsafe attribute "create_time" of "Post".
in C:\OpenServer\domains\NewSite\blog\protected\controllers\PostController.php (148)
in C:\OpenServer\domains\NewSite\blog\index.php (13)
2014/06/23 14:22:38 [warning] [application] Failed to set unsafe attribute "update_time" of "Post".
in C:\OpenServer\domains\NewSite\blog\protected\controllers\PostController.php (148)
in C:\OpenServer\domains\NewSite\blog\index.php (13)
2014/06/23 14:22:38 [warning] [application] Failed to set unsafe attribute "author_id" of "Post".
in C:\OpenServer\domains\NewSite\blog\protected\controllers\PostController.php (148)
in C:\OpenServer\domains\NewSite\blog\index.php (13)
2014/06/23 14:22:45 [warning] [application] Failed to set unsafe attribute "id" of "Post".
in C:\OpenServer\domains\NewSite\blog\protected\controllers\PostController.php (148)
in C:\OpenServer\domains\NewSite\blog\index.php (13)
2014/06/23 14:22:45 [warning] [application] Failed to set unsafe attribute "create_time" of "Post".
in C:\OpenServer\domains\NewSite\blog\protected\controllers\PostController.php (148)
in C:\OpenServer\domains\NewSite\blog\index.php (13)
2014/06/23 14:22:45 [warning] [application] Failed to set unsafe attribute "update_time" of "Post".
in C:\OpenServer\domains\NewSite\blog\protected\controllers\PostController.php (148)
in C:\OpenServer\domains\NewSite\blog\index.php (13)
2014/06/23 14:22:45 [warning] [application] Failed to set unsafe attribute "author_id" of "Post".
in C:\OpenServer\domains\NewSite\blog\protected\controllers\PostController.php (148)
in C:\OpenServer\domains\NewSite\blog\index.php (13)
2014/06/23 15:14:19 [warning] [application] Failed to set unsafe attribute "id" of "Post".
in C:\OpenServer\domains\NewSite\blog\protected\controllers\PostController.php (148)
in C:\OpenServer\domains\NewSite\blog\index.php (13)
2014/06/23 15:14:19 [warning] [application] Failed to set unsafe attribute "create_time" of "Post".
in C:\OpenServer\domains\NewSite\blog\protected\controllers\PostController.php (148)
in C:\OpenServer\domains\NewSite\blog\index.php (13)
2014/06/23 15:14:19 [warning] [application] Failed to set unsafe attribute "update_time" of "Post".
in C:\OpenServer\domains\NewSite\blog\protected\controllers\PostController.php (148)
in C:\OpenServer\domains\NewSite\blog\index.php (13)
2014/06/23 15:14:19 [warning] [application] Failed to set unsafe attribute "author_id" of "Post".
in C:\OpenServer\domains\NewSite\blog\protected\controllers\PostController.php (148)
in C:\OpenServer\domains\NewSite\blog\index.php (13)
2014/06/23 15:14:23 [warning] [application] Failed to set unsafe attribute "id" of "Post".
in C:\OpenServer\domains\NewSite\blog\protected\controllers\PostController.php (148)
in C:\OpenServer\domains\NewSite\blog\index.php (13)
2014/06/23 15:14:23 [warning] [application] Failed to set unsafe attribute "create_time" of "Post".
in C:\OpenServer\domains\NewSite\blog\protected\controllers\PostController.php (148)
in C:\OpenServer\domains\NewSite\blog\index.php (13)
2014/06/23 15:14:23 [warning] [application] Failed to set unsafe attribute "update_time" of "Post".
in C:\OpenServer\domains\NewSite\blog\protected\controllers\PostController.php (148)
in C:\OpenServer\domains\NewSite\blog\index.php (13)
2014/06/23 15:14:23 [warning] [application] Failed to set unsafe attribute "author_id" of "Post".
in C:\OpenServer\domains\NewSite\blog\protected\controllers\PostController.php (148)
in C:\OpenServer\domains\NewSite\blog\index.php (13)
2014/06/23 15:14:29 [warning] [application] Failed to set unsafe attribute "id" of "Post".
in C:\OpenServer\domains\NewSite\blog\protected\controllers\PostController.php (148)
in C:\OpenServer\domains\NewSite\blog\index.php (13)
2014/06/23 15:14:29 [warning] [application] Failed to set unsafe attribute "create_time" of "Post".
in C:\OpenServer\domains\NewSite\blog\protected\controllers\PostController.php (148)
in C:\OpenServer\domains\NewSite\blog\index.php (13)
2014/06/23 15:14:29 [warning] [application] Failed to set unsafe attribute "update_time" of "Post".
in C:\OpenServer\domains\NewSite\blog\protected\controllers\PostController.php (148)
in C:\OpenServer\domains\NewSite\blog\index.php (13)
2014/06/23 15:14:29 [warning] [application] Failed to set unsafe attribute "author_id" of "Post".
in C:\OpenServer\domains\NewSite\blog\protected\controllers\PostController.php (148)
in C:\OpenServer\domains\NewSite\blog\index.php (13)
2014/06/23 15:14:37 [warning] [application] Failed to set unsafe attribute "id" of "Post".
in C:\OpenServer\domains\NewSite\blog\protected\controllers\PostController.php (148)
in C:\OpenServer\domains\NewSite\blog\index.php (13)
2014/06/23 15:14:37 [warning] [application] Failed to set unsafe attribute "create_time" of "Post".
in C:\OpenServer\domains\NewSite\blog\protected\controllers\PostController.php (148)
in C:\OpenServer\domains\NewSite\blog\index.php (13)
2014/06/23 15:14:37 [warning] [application] Failed to set unsafe attribute "update_time" of "Post".
in C:\OpenServer\domains\NewSite\blog\protected\controllers\PostController.php (148)
in C:\OpenServer\domains\NewSite\blog\index.php (13)
2014/06/23 15:14:37 [warning] [application] Failed to set unsafe attribute "author_id" of "Post".
in C:\OpenServer\domains\NewSite\blog\protected\controllers\PostController.php (148)
in C:\OpenServer\domains\NewSite\blog\index.php (13)
2014/06/23 15:14:49 [warning] [application] Failed to set unsafe attribute "id" of "Post".
in C:\OpenServer\domains\NewSite\blog\protected\controllers\PostController.php (148)
in C:\OpenServer\domains\NewSite\blog\index.php (13)
2014/06/23 15:14:49 [warning] [application] Failed to set unsafe attribute "create_time" of "Post".
in C:\OpenServer\domains\NewSite\blog\protected\controllers\PostController.php (148)
in C:\OpenServer\domains\NewSite\blog\index.php (13)
2014/06/23 15:14:49 [warning] [application] Failed to set unsafe attribute "update_time" of "Post".
in C:\OpenServer\domains\NewSite\blog\protected\controllers\PostController.php (148)
in C:\OpenServer\domains\NewSite\blog\index.php (13)
2014/06/23 15:14:49 [warning] [application] Failed to set unsafe attribute "author_id" of "Post".
in C:\OpenServer\domains\NewSite\blog\protected\controllers\PostController.php (148)
in C:\OpenServer\domains\NewSite\blog\index.php (13)
2014/06/23 15:15:26 [warning] [application] Failed to set unsafe attribute "id" of "Post".
in C:\OpenServer\domains\NewSite\blog\protected\controllers\PostController.php (148)
in C:\OpenServer\domains\NewSite\blog\index.php (13)
2014/06/23 15:15:26 [warning] [application] Failed to set unsafe attribute "create_time" of "Post".
in C:\OpenServer\domains\NewSite\blog\protected\controllers\PostController.php (148)
in C:\OpenServer\domains\NewSite\blog\index.php (13)
2014/06/23 15:15:26 [warning] [application] Failed to set unsafe attribute "update_time" of "Post".
in C:\OpenServer\domains\NewSite\blog\protected\controllers\PostController.php (148)
in C:\OpenServer\domains\NewSite\blog\index.php (13)
2014/06/23 15:15:26 [warning] [application] Failed to set unsafe attribute "author_id" of "Post".
in C:\OpenServer\domains\NewSite\blog\protected\controllers\PostController.php (148)
in C:\OpenServer\domains\NewSite\blog\index.php (13)
2014/06/23 16:02:36 [error] [exception.CException] exception 'CException' with message 'Tag and its behaviors do not have a method or closure named "updateFrequency".' in C:\OpenServer\domains\NewSite\yii\framework\base\CComponent.php:266
Stack trace:
#0 C:\OpenServer\domains\NewSite\yii\framework\db\ar\CActiveRecord.php(227): CComponent->__call('updateFrequency', Array)
#1 C:\OpenServer\domains\NewSite\blog\protected\models\Post.php(155): CActiveRecord->__call('updateFrequency', Array)
#2 C:\OpenServer\domains\NewSite\blog\protected\models\Post.php(155): Tag->updateFrequency(NULL, 'post')
#3 C:\OpenServer\domains\NewSite\yii\framework\db\ar\CActiveRecord.php(1097): Post->afterSave()
#4 C:\OpenServer\domains\NewSite\yii\framework\db\ar\CActiveRecord.php(806): CActiveRecord->insert(NULL)
#5 C:\OpenServer\domains\NewSite\blog\protected\controllers\PostController.php(68): CActiveRecord->save()
#6 C:\OpenServer\domains\NewSite\yii\framework\web\actions\CInlineAction.php(49): PostController->actionCreate()
#7 C:\OpenServer\domains\NewSite\yii\framework\web\CController.php(308): CInlineAction->runWithParams(Array)
#8 C:\OpenServer\domains\NewSite\yii\framework\web\filters\CFilterChain.php(133): CController->runAction(Object(CInlineAction))
#9 C:\OpenServer\domains\NewSite\yii\framework\web\filters\CFilter.php(40): CFilterChain->run()
#10 C:\OpenServer\domains\NewSite\yii\framework\web\CController.php(1145): CFilter->filter(Object(CFilterChain))
#11 C:\OpenServer\domains\NewSite\yii\framework\web\filters\CInlineFilter.php(58): CController->filterAccessControl(Object(CFilterChain))
#12 C:\OpenServer\domains\NewSite\yii\framework\web\filters\CFilterChain.php(130): CInlineFilter->filter(Object(CFilterChain))
#13 C:\OpenServer\domains\NewSite\yii\framework\web\CController.php(291): CFilterChain->run()
#14 C:\OpenServer\domains\NewSite\yii\framework\web\CController.php(265): CController->runActionWithFilters(Object(CInlineAction), Array)
#15 C:\OpenServer\domains\NewSite\yii\framework\web\CWebApplication.php(282): CController->run('create')
#16 C:\OpenServer\domains\NewSite\yii\framework\web\CWebApplication.php(141): CWebApplication->runController('post/create')
#17 C:\OpenServer\domains\NewSite\yii\framework\base\CApplication.php(180): CWebApplication->processRequest()
#18 C:\OpenServer\domains\NewSite\blog\index.php(13): CApplication->run()
#19 {main}
REQUEST_URI=/blog/index.php?r=post/create
HTTP_REFERER=http://newsite/blog/index.php?r=post/create
---
2014/06/23 16:05:02 [error] [exception.CException] exception 'CException' with message 'Tag and its behaviors do not have a method or closure named "updateFrequency".' in C:\OpenServer\domains\NewSite\yii\framework\base\CComponent.php:266
Stack trace:
#0 C:\OpenServer\domains\NewSite\yii\framework\db\ar\CActiveRecord.php(227): CComponent->__call('updateFrequency', Array)
#1 C:\OpenServer\domains\NewSite\blog\protected\models\Post.php(155): CActiveRecord->__call('updateFrequency', Array)
#2 C:\OpenServer\domains\NewSite\blog\protected\models\Post.php(155): Tag->updateFrequency(NULL, 'tag, post')
#3 C:\OpenServer\domains\NewSite\yii\framework\db\ar\CActiveRecord.php(1097): Post->afterSave()
#4 C:\OpenServer\domains\NewSite\yii\framework\db\ar\CActiveRecord.php(806): CActiveRecord->insert(NULL)
#5 C:\OpenServer\domains\NewSite\blog\protected\controllers\PostController.php(68): CActiveRecord->save()
#6 C:\OpenServer\domains\NewSite\yii\framework\web\actions\CInlineAction.php(49): PostController->actionCreate()
#7 C:\OpenServer\domains\NewSite\yii\framework\web\CController.php(308): CInlineAction->runWithParams(Array)
#8 C:\OpenServer\domains\NewSite\yii\framework\web\filters\CFilterChain.php(133): CController->runAction(Object(CInlineAction))
#9 C:\OpenServer\domains\NewSite\yii\framework\web\filters\CFilter.php(40): CFilterChain->run()
#10 C:\OpenServer\domains\NewSite\yii\framework\web\CController.php(1145): CFilter->filter(Object(CFilterChain))
#11 C:\OpenServer\domains\NewSite\yii\framework\web\filters\CInlineFilter.php(58): CController->filterAccessControl(Object(CFilterChain))
#12 C:\OpenServer\domains\NewSite\yii\framework\web\filters\CFilterChain.php(130): CInlineFilter->filter(Object(CFilterChain))
#13 C:\OpenServer\domains\NewSite\yii\framework\web\CController.php(291): CFilterChain->run()
#14 C:\OpenServer\domains\NewSite\yii\framework\web\CController.php(265): CController->runActionWithFilters(Object(CInlineAction), Array)
#15 C:\OpenServer\domains\NewSite\yii\framework\web\CWebApplication.php(282): CController->run('create')
#16 C:\OpenServer\domains\NewSite\yii\framework\web\CWebApplication.php(141): CWebApplication->runController('post/create')
#17 C:\OpenServer\domains\NewSite\yii\framework\base\CApplication.php(180): CWebApplication->processRequest()
#18 C:\OpenServer\domains\NewSite\blog\index.php(13): CApplication->run()
#19 {main}
REQUEST_URI=/blog/index.php?r=post/create
HTTP_REFERER=http://newsite/blog/index.php?r=post/create
---
2014/06/23 16:10:56 [error] [exception.CException] exception 'CException' with message 'Tag and its behaviors do not have a method or closure named "addTags".' in C:\OpenServer\domains\NewSite\yii\framework\base\CComponent.php:266
Stack trace:
#0 C:\OpenServer\domains\NewSite\yii\framework\db\ar\CActiveRecord.php(227): CComponent->__call('addTags', Array)
#1 C:\OpenServer\domains\NewSite\blog\protected\models\Tag.php(92): CActiveRecord->__call('addTags', Array)
#2 C:\OpenServer\domains\NewSite\blog\protected\models\Tag.php(92): Tag->addTags(Array)
#3 C:\OpenServer\domains\NewSite\blog\protected\models\Post.php(155): Tag->updateFrequency(NULL, 'tag, post')
#4 C:\OpenServer\domains\NewSite\yii\framework\db\ar\CActiveRecord.php(1097): Post->afterSave()
#5 C:\OpenServer\domains\NewSite\yii\framework\db\ar\CActiveRecord.php(806): CActiveRecord->insert(NULL)
#6 C:\OpenServer\domains\NewSite\blog\protected\controllers\PostController.php(68): CActiveRecord->save()
#7 C:\OpenServer\domains\NewSite\yii\framework\web\actions\CInlineAction.php(49): PostController->actionCreate()
#8 C:\OpenServer\domains\NewSite\yii\framework\web\CController.php(308): CInlineAction->runWithParams(Array)
#9 C:\OpenServer\domains\NewSite\yii\framework\web\filters\CFilterChain.php(133): CController->runAction(Object(CInlineAction))
#10 C:\OpenServer\domains\NewSite\yii\framework\web\filters\CFilter.php(40): CFilterChain->run()
#11 C:\OpenServer\domains\NewSite\yii\framework\web\CController.php(1145): CFilter->filter(Object(CFilterChain))
#12 C:\OpenServer\domains\NewSite\yii\framework\web\filters\CInlineFilter.php(58): CController->filterAccessControl(Object(CFilterChain))
#13 C:\OpenServer\domains\NewSite\yii\framework\web\filters\CFilterChain.php(130): CInlineFilter->filter(Object(CFilterChain))
#14 C:\OpenServer\domains\NewSite\yii\framework\web\CController.php(291): CFilterChain->run()
#15 C:\OpenServer\domains\NewSite\yii\framework\web\CController.php(265): CController->runActionWithFilters(Object(CInlineAction), Array)
#16 C:\OpenServer\domains\NewSite\yii\framework\web\CWebApplication.php(282): CController->run('create')
#17 C:\OpenServer\domains\NewSite\yii\framework\web\CWebApplication.php(141): CWebApplication->runController('post/create')
#18 C:\OpenServer\domains\NewSite\yii\framework\base\CApplication.php(180): CWebApplication->processRequest()
#19 C:\OpenServer\domains\NewSite\blog\index.php(13): CApplication->run()
#20 {main}
REQUEST_URI=/blog/index.php?r=post/create
HTTP_REFERER=http://newsite/blog/index.php?r=post/create
---
2014/06/23 17:50:25 [error] [exception.CHttpException.400] exception 'CHttpException' with message 'Your request is invalid.' in C:\OpenServer\domains\NewSite\yii\framework\web\CController.php:1118
Stack trace:
#0 C:\OpenServer\domains\NewSite\yii\framework\web\filters\CInlineFilter.php(58): CController->filterPostOnly(Object(CFilterChain))
#1 C:\OpenServer\domains\NewSite\yii\framework\web\filters\CFilterChain.php(130): CInlineFilter->filter(Object(CFilterChain))
#2 C:\OpenServer\domains\NewSite\yii\framework\web\filters\CFilter.php(40): CFilterChain->run()
#3 C:\OpenServer\domains\NewSite\yii\framework\web\CController.php(1145): CFilter->filter(Object(CFilterChain))
#4 C:\OpenServer\domains\NewSite\yii\framework\web\filters\CInlineFilter.php(58): CController->filterAccessControl(Object(CFilterChain))
#5 C:\OpenServer\domains\NewSite\yii\framework\web\filters\CFilterChain.php(130): CInlineFilter->filter(Object(CFilterChain))
#6 C:\OpenServer\domains\NewSite\yii\framework\web\CController.php(291): CFilterChain->run()
#7 C:\OpenServer\domains\NewSite\yii\framework\web\CController.php(265): CController->runActionWithFilters(Object(CInlineAction), Array)
#8 C:\OpenServer\domains\NewSite\yii\framework\web\CWebApplication.php(282): CController->run('delete')
#9 C:\OpenServer\domains\NewSite\yii\framework\web\CWebApplication.php(141): CWebApplication->runController('post/delete')
#10 C:\OpenServer\domains\NewSite\yii\framework\base\CApplication.php(180): CWebApplication->processRequest()
#11 C:\OpenServer\domains\NewSite\blog\index.php(13): CApplication->run()
#12 {main}
REQUEST_URI=/blog/index.php?r=post/delete&id=11
---
2014/06/23 17:50:34 [error] [exception.CHttpException.400] exception 'CHttpException' with message 'Your request is invalid.' in C:\OpenServer\domains\NewSite\yii\framework\web\CController.php:1118
Stack trace:
#0 C:\OpenServer\domains\NewSite\yii\framework\web\filters\CInlineFilter.php(58): CController->filterPostOnly(Object(CFilterChain))
#1 C:\OpenServer\domains\NewSite\yii\framework\web\filters\CFilterChain.php(130): CInlineFilter->filter(Object(CFilterChain))
#2 C:\OpenServer\domains\NewSite\yii\framework\web\filters\CFilter.php(40): CFilterChain->run()
#3 C:\OpenServer\domains\NewSite\yii\framework\web\CController.php(1145): CFilter->filter(Object(CFilterChain))
#4 C:\OpenServer\domains\NewSite\yii\framework\web\filters\CInlineFilter.php(58): CController->filterAccessControl(Object(CFilterChain))
#5 C:\OpenServer\domains\NewSite\yii\framework\web\filters\CFilterChain.php(130): CInlineFilter->filter(Object(CFilterChain))
#6 C:\OpenServer\domains\NewSite\yii\framework\web\CController.php(291): CFilterChain->run()
#7 C:\OpenServer\domains\NewSite\yii\framework\web\CController.php(265): CController->runActionWithFilters(Object(CInlineAction), Array)
#8 C:\OpenServer\domains\NewSite\yii\framework\web\CWebApplication.php(282): CController->run('delete')
#9 C:\OpenServer\domains\NewSite\yii\framework\web\CWebApplication.php(141): CWebApplication->runController('post/delete')
#10 C:\OpenServer\domains\NewSite\yii\framework\base\CApplication.php(180): CWebApplication->processRequest()
#11 C:\OpenServer\domains\NewSite\blog\index.php(13): CApplication->run()
#12 {main}
REQUEST_URI=/blog/index.php?r=post/delete&id=7
---
2014/06/23 17:50:41 [error] [exception.CHttpException.400] exception 'CHttpException' with message 'Your request is invalid.' in C:\OpenServer\domains\NewSite\yii\framework\web\CController.php:1118
Stack trace:
#0 C:\OpenServer\domains\NewSite\yii\framework\web\filters\CInlineFilter.php(58): CController->filterPostOnly(Object(CFilterChain))
#1 C:\OpenServer\domains\NewSite\yii\framework\web\filters\CFilterChain.php(130): CInlineFilter->filter(Object(CFilterChain))
#2 C:\OpenServer\domains\NewSite\yii\framework\web\filters\CFilter.php(40): CFilterChain->run()
#3 C:\OpenServer\domains\NewSite\yii\framework\web\CController.php(1145): CFilter->filter(Object(CFilterChain))
#4 C:\OpenServer\domains\NewSite\yii\framework\web\filters\CInlineFilter.php(58): CController->filterAccessControl(Object(CFilterChain))
#5 C:\OpenServer\domains\NewSite\yii\framework\web\filters\CFilterChain.php(130): CInlineFilter->filter(Object(CFilterChain))
#6 C:\OpenServer\domains\NewSite\yii\framework\web\CController.php(291): CFilterChain->run()
#7 C:\OpenServer\domains\NewSite\yii\framework\web\CController.php(265): CController->runActionWithFilters(Object(CInlineAction), Array)
#8 C:\OpenServer\domains\NewSite\yii\framework\web\CWebApplication.php(282): CController->run('delete')
#9 C:\OpenServer\domains\NewSite\yii\framework\web\CWebApplication.php(141): CWebApplication->runController('post/delete')
#10 C:\OpenServer\domains\NewSite\yii\framework\base\CApplication.php(180): CWebApplication->processRequest()
#11 C:\OpenServer\domains\NewSite\blog\index.php(13): CApplication->run()
#12 {main}
REQUEST_URI=/blog/index.php?r=post/delete&id=2
---
2014/06/23 17:50:43 [error] [exception.CHttpException.400] exception 'CHttpException' with message 'Your request is invalid.' in C:\OpenServer\domains\NewSite\yii\framework\web\CController.php:1118
Stack trace:
#0 C:\OpenServer\domains\NewSite\yii\framework\web\filters\CInlineFilter.php(58): CController->filterPostOnly(Object(CFilterChain))
#1 C:\OpenServer\domains\NewSite\yii\framework\web\filters\CFilterChain.php(130): CInlineFilter->filter(Object(CFilterChain))
#2 C:\OpenServer\domains\NewSite\yii\framework\web\filters\CFilter.php(40): CFilterChain->run()
#3 C:\OpenServer\domains\NewSite\yii\framework\web\CController.php(1145): CFilter->filter(Object(CFilterChain))
#4 C:\OpenServer\domains\NewSite\yii\framework\web\filters\CInlineFilter.php(58): CController->filterAccessControl(Object(CFilterChain))
#5 C:\OpenServer\domains\NewSite\yii\framework\web\filters\CFilterChain.php(130): CInlineFilter->filter(Object(CFilterChain))
#6 C:\OpenServer\domains\NewSite\yii\framework\web\CController.php(291): CFilterChain->run()
#7 C:\OpenServer\domains\NewSite\yii\framework\web\CController.php(265): CController->runActionWithFilters(Object(CInlineAction), Array)
#8 C:\OpenServer\domains\NewSite\yii\framework\web\CWebApplication.php(282): CController->run('delete')
#9 C:\OpenServer\domains\NewSite\yii\framework\web\CWebApplication.php(141): CWebApplication->runController('post/delete')
#10 C:\OpenServer\domains\NewSite\yii\framework\base\CApplication.php(180): CWebApplication->processRequest()
#11 C:\OpenServer\domains\NewSite\blog\index.php(13): CApplication->run()
#12 {main}
REQUEST_URI=/blog/index.php?r=post/delete&id=7
---
2014/06/23 17:50:44 [error] [exception.CHttpException.400] exception 'CHttpException' with message 'Your request is invalid.' in C:\OpenServer\domains\NewSite\yii\framework\web\CController.php:1118
Stack trace:
#0 C:\OpenServer\domains\NewSite\yii\framework\web\filters\CInlineFilter.php(58): CController->filterPostOnly(Object(CFilterChain))
#1 C:\OpenServer\domains\NewSite\yii\framework\web\filters\CFilterChain.php(130): CInlineFilter->filter(Object(CFilterChain))
#2 C:\OpenServer\domains\NewSite\yii\framework\web\filters\CFilter.php(40): CFilterChain->run()
#3 C:\OpenServer\domains\NewSite\yii\framework\web\CController.php(1145): CFilter->filter(Object(CFilterChain))
#4 C:\OpenServer\domains\NewSite\yii\framework\web\filters\CInlineFilter.php(58): CController->filterAccessControl(Object(CFilterChain))
#5 C:\OpenServer\domains\NewSite\yii\framework\web\filters\CFilterChain.php(130): CInlineFilter->filter(Object(CFilterChain))
#6 C:\OpenServer\domains\NewSite\yii\framework\web\CController.php(291): CFilterChain->run()
#7 C:\OpenServer\domains\NewSite\yii\framework\web\CController.php(265): CController->runActionWithFilters(Object(CInlineAction), Array)
#8 C:\OpenServer\domains\NewSite\yii\framework\web\CWebApplication.php(282): CController->run('delete')
#9 C:\OpenServer\domains\NewSite\yii\framework\web\CWebApplication.php(141): CWebApplication->runController('post/delete')
#10 C:\OpenServer\domains\NewSite\yii\framework\base\CApplication.php(180): CWebApplication->processRequest()
#11 C:\OpenServer\domains\NewSite\blog\index.php(13): CApplication->run()
#12 {main}
REQUEST_URI=/blog/index.php?r=post/delete&id=11
---
